<?xml version="1.0" encoding="UTF-8"?>
<testng-results ignored="0" total="1" passed="1" failed="0" skipped="0">
  <reporter-output>
    <line>
      <![CDATA[createCustomer]]>
    </line>
  </reporter-output>
  <suite started-at="2023-07-29T21:57:24 IST" name="Default suite" finished-at="2023-07-29T21:57:44 IST" duration-ms="20287">
    <groups>
    </groups>
    <test started-at="2023-07-29T21:57:24 IST" name="Default test" finished-at="2023-07-29T21:57:44 IST" duration-ms="20287">
      <class name="testscript.CustomerModule">
        <test-method signature="customerModule()[pri:0, instance:testscript.CustomerModule@35d019a3]" started-at="2023-07-29T21:57:24 IST" name="customerModule" finished-at="2023-07-29T21:57:44 IST" duration-ms="20248" status="PASS">
          <reporter-output>
            <line>
              <![CDATA[createCustomer]]>
            </line>
          </reporter-output>
        </test-method> <!-- customerModule -->
      </class> <!-- testscript.CustomerModule -->
    </test> <!-- Default test -->
  </suite> <!-- Default suite -->
</testng-results>
