<?xml version="1.0" encoding="UTF-8"?>
<testng-results ignored="0" total="1" passed="1" failed="0" skipped="0">
  <reporter-output>
    <line>
      <![CDATA[createCustomer]]>
    </line>
  </reporter-output>
  <suite started-at="2023-08-03T12:56:22 IST" name="Default suite" finished-at="2023-08-03T12:56:34 IST" duration-ms="12643">
    <groups>
    </groups>
    <test started-at="2023-08-03T12:56:22 IST" name="Default test" finished-at="2023-08-03T12:56:34 IST" duration-ms="12643">
      <class name="testscript.CustomerModule">
        <test-method signature="customerModule()[pri:0, instance:testscript.CustomerModule@49e53c76]" started-at="2023-08-03T12:56:22 IST" name="customerModule" finished-at="2023-08-03T12:56:34 IST" duration-ms="12562" status="PASS">
          <reporter-output>
            <line>
              <![CDATA[createCustomer]]>
            </line>
          </reporter-output>
        </test-method> <!-- customerModule -->
      </class> <!-- testscript.CustomerModule -->
    </test> <!-- Default test -->
  </suite> <!-- Default suite -->
</testng-results>
